{"/Users/christinanathan/Desktop/RPP30/fec-atelier/client/src/components/interactions.jsx": {"path":"/Users/christinanathan/Desktop/RPP30/fec-atelier/client/src/components/interactions.jsx","statementMap":{"0":{"start":{"line":4,"column":25},"end":{"line":48,"column":1}},"1":{"start":{"line":7,"column":6},"end":{"line":7,"column":19}},"2":{"start":{"line":8,"column":6},"end":{"line":8,"column":53}},"3":{"start":{"line":15,"column":6},"end":{"line":15,"column":68}},"4":{"start":{"line":16,"column":6},"end":{"line":16,"column":57}},"5":{"start":{"line":17,"column":17},"end":{"line":17,"column":23}},"6":{"start":{"line":18,"column":6},"end":{"line":18,"column":47}},"7":{"start":{"line":20,"column":17},"end":{"line":24,"column":7}},"8":{"start":{"line":26,"column":6},"end":{"line":36,"column":11}},"9":{"start":{"line":32,"column":10},"end":{"line":32,"column":48}},"10":{"start":{"line":35,"column":10},"end":{"line":35,"column":50}},"11":{"start":{"line":40,"column":6},"end":{"line":44,"column":7}},"12":{"start":{"line":47,"column":2},"end":{"line":47,"column":22}}},"fnMap":{"0":{"name":"(anonymous_0)","decl":{"start":{"line":4,"column":25},"end":{"line":4,"column":26}},"loc":{"start":{"line":4,"column":48},"end":{"line":48,"column":1}},"line":4},"1":{"name":"(anonymous_1)","decl":{"start":{"line":6,"column":4},"end":{"line":6,"column":5}},"loc":{"start":{"line":6,"column":23},"end":{"line":9,"column":5}},"line":6},"2":{"name":"(anonymous_2)","decl":{"start":{"line":11,"column":4},"end":{"line":11,"column":5}},"loc":{"start":{"line":11,"column":19},"end":{"line":37,"column":5}},"line":11},"3":{"name":"(anonymous_3)","decl":{"start":{"line":31,"column":14},"end":{"line":31,"column":15}},"loc":{"start":{"line":31,"column":24},"end":{"line":33,"column":9}},"line":31},"4":{"name":"(anonymous_4)","decl":{"start":{"line":34,"column":15},"end":{"line":34,"column":16}},"loc":{"start":{"line":34,"column":22},"end":{"line":36,"column":9}},"line":34},"5":{"name":"(anonymous_5)","decl":{"start":{"line":39,"column":4},"end":{"line":39,"column":5}},"loc":{"start":{"line":39,"column":13},"end":{"line":45,"column":5}},"line":39}},"branchMap":{},"s":{"0":1,"1":0,"2":0,"3":0,"4":0,"5":0,"6":0,"7":0,"8":0,"9":0,"10":0,"11":0,"12":0},"f":{"0":0,"1":0,"2":0,"3":0,"4":0,"5":0},"b":{},"_coverageSchema":"1a1c01bbd47fc00a2c39e90264f33305004495a9","hash":"b5f21f72e96922b859067455df1e0c8c49928804"}
,"/Users/christinanathan/Desktop/RPP30/fec-atelier/client/src/components/Overview/Overview.jsx": {"path":"/Users/christinanathan/Desktop/RPP30/fec-atelier/client/src/components/Overview/Overview.jsx","statementMap":{"0":{"start":{"line":11,"column":4},"end":{"line":11,"column":17}},"1":{"start":{"line":13,"column":4},"end":{"line":19,"column":6}},"2":{"start":{"line":20,"column":4},"end":{"line":20,"column":63}},"3":{"start":{"line":21,"column":4},"end":{"line":21,"column":61}},"4":{"start":{"line":22,"column":4},"end":{"line":22,"column":63}},"5":{"start":{"line":27,"column":4},"end":{"line":27,"column":53}},"6":{"start":{"line":32,"column":4},"end":{"line":34,"column":5}},"7":{"start":{"line":33,"column":6},"end":{"line":33,"column":55}},"8":{"start":{"line":38,"column":18},"end":{"line":38,"column":22}},"9":{"start":{"line":40,"column":4},"end":{"line":52,"column":8}},"10":{"start":{"line":47,"column":8},"end":{"line":47,"column":60}},"11":{"start":{"line":48,"column":8},"end":{"line":48,"column":55}},"12":{"start":{"line":51,"column":8},"end":{"line":51,"column":67}},"13":{"start":{"line":56,"column":4},"end":{"line":56,"column":50}},"14":{"start":{"line":60,"column":4},"end":{"line":60,"column":51}},"15":{"start":{"line":83,"column":4},"end":{"line":103,"column":5}}},"fnMap":{"0":{"name":"(anonymous_0)","decl":{"start":{"line":10,"column":2},"end":{"line":10,"column":3}},"loc":{"start":{"line":10,"column":21},"end":{"line":24,"column":3}},"line":10},"1":{"name":"(anonymous_1)","decl":{"start":{"line":26,"column":2},"end":{"line":26,"column":3}},"loc":{"start":{"line":26,"column":22},"end":{"line":29,"column":3}},"line":26},"2":{"name":"(anonymous_2)","decl":{"start":{"line":31,"column":2},"end":{"line":31,"column":3}},"loc":{"start":{"line":31,"column":32},"end":{"line":35,"column":3}},"line":31},"3":{"name":"(anonymous_3)","decl":{"start":{"line":37,"column":2},"end":{"line":37,"column":3}},"loc":{"start":{"line":37,"column":31},"end":{"line":53,"column":3}},"line":37},"4":{"name":"(anonymous_4)","decl":{"start":{"line":45,"column":12},"end":{"line":45,"column":13}},"loc":{"start":{"line":45,"column":35},"end":{"line":49,"column":7}},"line":45},"5":{"name":"(anonymous_5)","decl":{"start":{"line":50,"column":13},"end":{"line":50,"column":14}},"loc":{"start":{"line":50,"column":28},"end":{"line":52,"column":7}},"line":50},"6":{"name":"(anonymous_6)","decl":{"start":{"line":55,"column":2},"end":{"line":55,"column":3}},"loc":{"start":{"line":55,"column":27},"end":{"line":57,"column":3}},"line":55},"7":{"name":"(anonymous_7)","decl":{"start":{"line":59,"column":2},"end":{"line":59,"column":3}},"loc":{"start":{"line":59,"column":28},"end":{"line":61,"column":3}},"line":59},"8":{"name":"(anonymous_8)","decl":{"start":{"line":81,"column":2},"end":{"line":81,"column":3}},"loc":{"start":{"line":81,"column":11},"end":{"line":104,"column":3}},"line":81}},"branchMap":{"0":{"loc":{"start":{"line":32,"column":4},"end":{"line":34,"column":5}},"type":"if","locations":[{"start":{"line":32,"column":4},"end":{"line":34,"column":5}},{"start":{"line":32,"column":4},"end":{"line":34,"column":5}}],"line":32},"1":{"loc":{"start":{"line":89,"column":13},"end":{"line":91,"column":64}},"type":"binary-expr","locations":[{"start":{"line":89,"column":13},"end":{"line":89,"column":42}},{"start":{"line":89,"column":46},"end":{"line":91,"column":64}}],"line":89}},"s":{"0":3,"1":3,"2":3,"3":3,"4":3,"5":0,"6":0,"7":0,"8":0,"9":0,"10":0,"11":0,"12":0,"13":0,"14":0,"15":4},"f":{"0":3,"1":0,"2":0,"3":0,"4":0,"5":0,"6":0,"7":0,"8":4},"b":{"0":[0,0],"1":[4,4]},"_coverageSchema":"1a1c01bbd47fc00a2c39e90264f33305004495a9","hash":"c033c2cade2023ee372cc021b2dfcf0dedc1d2ba"}
,"/Users/christinanathan/Desktop/RPP30/fec-atelier/client/src/components/Overview/Image-Gallery/ImageGallery.jsx": {"path":"/Users/christinanathan/Desktop/RPP30/fec-atelier/client/src/components/Overview/Image-Gallery/ImageGallery.jsx","statementMap":{"0":{"start":{"line":5,"column":4},"end":{"line":5,"column":17}},"1":{"start":{"line":6,"column":4},"end":{"line":9,"column":6}},"2":{"start":{"line":13,"column":4},"end":{"line":16,"column":6}},"3":{"start":{"line":18,"column":4},"end":{"line":18,"column":16}},"4":{"start":{"line":23,"column":4},"end":{"line":29,"column":5}}},"fnMap":{"0":{"name":"(anonymous_0)","decl":{"start":{"line":4,"column":2},"end":{"line":4,"column":3}},"loc":{"start":{"line":4,"column":21},"end":{"line":10,"column":3}},"line":4},"1":{"name":"(anonymous_1)","decl":{"start":{"line":12,"column":2},"end":{"line":12,"column":3}},"loc":{"start":{"line":12,"column":48},"end":{"line":19,"column":3}},"line":12},"2":{"name":"(anonymous_2)","decl":{"start":{"line":21,"column":2},"end":{"line":21,"column":3}},"loc":{"start":{"line":21,"column":11},"end":{"line":30,"column":3}},"line":21}},"branchMap":{},"s":{"0":1,"1":1,"2":1,"3":0,"4":1},"f":{"0":1,"1":1,"2":1},"b":{},"_coverageSchema":"1a1c01bbd47fc00a2c39e90264f33305004495a9","hash":"feaff219c7bd4031429e978be73d5e4850608132"}
,"/Users/christinanathan/Desktop/RPP30/fec-atelier/client/src/components/Overview/Product-Info/ItemDetails.jsx": {"path":"/Users/christinanathan/Desktop/RPP30/fec-atelier/client/src/components/Overview/Product-Info/ItemDetails.jsx","statementMap":{"0":{"start":{"line":5,"column":20},"end":{"line":14,"column":1}},"1":{"start":{"line":6,"column":2},"end":{"line":12,"column":3}}},"fnMap":{"0":{"name":"(anonymous_0)","decl":{"start":{"line":5,"column":20},"end":{"line":5,"column":21}},"loc":{"start":{"line":5,"column":37},"end":{"line":14,"column":1}},"line":5}},"branchMap":{},"s":{"0":3,"1":1},"f":{"0":1},"b":{},"_coverageSchema":"1a1c01bbd47fc00a2c39e90264f33305004495a9","hash":"498b9e4bc5d3a0b2d7dff22150b3285036a1bd21"}
,"/Users/christinanathan/Desktop/RPP30/fec-atelier/client/src/components/Overview/Product-Info/ProductInfo.jsx": {"path":"/Users/christinanathan/Desktop/RPP30/fec-atelier/client/src/components/Overview/Product-Info/ProductInfo.jsx","statementMap":{"0":{"start":{"line":6,"column":20},"end":{"line":15,"column":1}},"1":{"start":{"line":8,"column":2},"end":{"line":14,"column":4}}},"fnMap":{"0":{"name":"(anonymous_0)","decl":{"start":{"line":6,"column":20},"end":{"line":6,"column":21}},"loc":{"start":{"line":6,"column":37},"end":{"line":15,"column":1}},"line":6}},"branchMap":{},"s":{"0":2,"1":1},"f":{"0":1},"b":{},"_coverageSchema":"1a1c01bbd47fc00a2c39e90264f33305004495a9","hash":"347e8fb4aa1bcabc18a4f7eb4defd8e729339564"}
,"/Users/christinanathan/Desktop/RPP30/fec-atelier/client/src/components/Overview/Product-Info/StarRating.jsx": {"path":"/Users/christinanathan/Desktop/RPP30/fec-atelier/client/src/components/Overview/Product-Info/StarRating.jsx","statementMap":{"0":{"start":{"line":5,"column":19},"end":{"line":21,"column":1}},"1":{"start":{"line":7,"column":2},"end":{"line":20,"column":3}}},"fnMap":{"0":{"name":"(anonymous_0)","decl":{"start":{"line":5,"column":19},"end":{"line":5,"column":20}},"loc":{"start":{"line":5,"column":36},"end":{"line":21,"column":1}},"line":5}},"branchMap":{},"s":{"0":3,"1":1},"f":{"0":1},"b":{},"_coverageSchema":"1a1c01bbd47fc00a2c39e90264f33305004495a9","hash":"5acdccb973ab5b247ac80eee540d8cb9e2cf8d76"}
,"/Users/christinanathan/Desktop/RPP30/fec-atelier/client/src/components/Overview/Style-Selector/Cart.jsx": {"path":"/Users/christinanathan/Desktop/RPP30/fec-atelier/client/src/components/Overview/Style-Selector/Cart.jsx","statementMap":{"0":{"start":{"line":6,"column":4},"end":{"line":6,"column":17}},"1":{"start":{"line":7,"column":4},"end":{"line":15,"column":6}},"2":{"start":{"line":17,"column":4},"end":{"line":17,"column":61}},"3":{"start":{"line":18,"column":4},"end":{"line":18,"column":57}},"4":{"start":{"line":19,"column":4},"end":{"line":19,"column":67}},"5":{"start":{"line":20,"column":4},"end":{"line":20,"column":69}},"6":{"start":{"line":24,"column":4},"end":{"line":27,"column":6}},"7":{"start":{"line":29,"column":4},"end":{"line":29,"column":16}},"8":{"start":{"line":35,"column":18},"end":{"line":35,"column":22}},"9":{"start":{"line":37,"column":4},"end":{"line":37,"column":77}},"10":{"start":{"line":40,"column":4},"end":{"line":42,"column":5}},"11":{"start":{"line":41,"column":6},"end":{"line":41,"column":40}},"12":{"start":{"line":45,"column":4},"end":{"line":59,"column":7}},"13":{"start":{"line":46,"column":6},"end":{"line":58,"column":7}},"14":{"start":{"line":47,"column":8},"end":{"line":47,"column":58}},"15":{"start":{"line":51,"column":8},"end":{"line":55,"column":9}},"16":{"start":{"line":52,"column":10},"end":{"line":52,"column":58}},"17":{"start":{"line":54,"column":10},"end":{"line":54,"column":64}},"18":{"start":{"line":57,"column":8},"end":{"line":57,"column":76}},"19":{"start":{"line":63,"column":4},"end":{"line":63,"column":60}},"20":{"start":{"line":68,"column":16},"end":{"line":68,"column":18}},"21":{"start":{"line":69,"column":4},"end":{"line":71,"column":5}},"22":{"start":{"line":70,"column":6},"end":{"line":70,"column":30}},"23":{"start":{"line":72,"column":4},"end":{"line":72,"column":17}},"24":{"start":{"line":76,"column":4},"end":{"line":76,"column":52}},"25":{"start":{"line":80,"column":17},"end":{"line":80,"column":53}},"26":{"start":{"line":82,"column":4},"end":{"line":110,"column":5}},"27":{"start":{"line":88,"column":14},"end":{"line":88,"column":72}},"28":{"start":{"line":99,"column":14},"end":{"line":99,"column":53}}},"fnMap":{"0":{"name":"(anonymous_0)","decl":{"start":{"line":5,"column":2},"end":{"line":5,"column":3}},"loc":{"start":{"line":5,"column":21},"end":{"line":21,"column":3}},"line":5},"1":{"name":"(anonymous_1)","decl":{"start":{"line":23,"column":2},"end":{"line":23,"column":3}},"loc":{"start":{"line":23,"column":48},"end":{"line":30,"column":3}},"line":23},"2":{"name":"(anonymous_2)","decl":{"start":{"line":33,"column":2},"end":{"line":33,"column":3}},"loc":{"start":{"line":33,"column":26},"end":{"line":60,"column":3}},"line":33},"3":{"name":"(anonymous_3)","decl":{"start":{"line":45,"column":49},"end":{"line":45,"column":50}},"loc":{"start":{"line":45,"column":79},"end":{"line":59,"column":5}},"line":45},"4":{"name":"(anonymous_4)","decl":{"start":{"line":62,"column":2},"end":{"line":62,"column":3}},"loc":{"start":{"line":62,"column":30},"end":{"line":64,"column":3}},"line":62},"5":{"name":"(anonymous_5)","decl":{"start":{"line":66,"column":2},"end":{"line":66,"column":3}},"loc":{"start":{"line":66,"column":25},"end":{"line":73,"column":3}},"line":66},"6":{"name":"(anonymous_6)","decl":{"start":{"line":75,"column":2},"end":{"line":75,"column":3}},"loc":{"start":{"line":75,"column":32},"end":{"line":77,"column":3}},"line":75},"7":{"name":"(anonymous_7)","decl":{"start":{"line":79,"column":2},"end":{"line":79,"column":3}},"loc":{"start":{"line":79,"column":11},"end":{"line":112,"column":3}},"line":79},"8":{"name":"(anonymous_8)","decl":{"start":{"line":87,"column":24},"end":{"line":87,"column":25}},"loc":{"start":{"line":87,"column":59},"end":{"line":89,"column":13}},"line":87},"9":{"name":"(anonymous_9)","decl":{"start":{"line":98,"column":42},"end":{"line":98,"column":43}},"loc":{"start":{"line":98,"column":57},"end":{"line":100,"column":13}},"line":98}},"branchMap":{"0":{"loc":{"start":{"line":40,"column":4},"end":{"line":42,"column":5}},"type":"if","locations":[{"start":{"line":40,"column":4},"end":{"line":42,"column":5}},{"start":{"line":40,"column":4},"end":{"line":42,"column":5}}],"line":40},"1":{"loc":{"start":{"line":46,"column":6},"end":{"line":58,"column":7}},"type":"if","locations":[{"start":{"line":46,"column":6},"end":{"line":58,"column":7}},{"start":{"line":46,"column":6},"end":{"line":58,"column":7}}],"line":46},"2":{"loc":{"start":{"line":51,"column":8},"end":{"line":55,"column":9}},"type":"if","locations":[{"start":{"line":51,"column":8},"end":{"line":55,"column":9}},{"start":{"line":51,"column":8},"end":{"line":55,"column":9}}],"line":51},"3":{"loc":{"start":{"line":88,"column":22},"end":{"line":88,"column":71}},"type":"binary-expr","locations":[{"start":{"line":88,"column":22},"end":{"line":88,"column":34}},{"start":{"line":88,"column":38},"end":{"line":88,"column":71}}],"line":88},"4":{"loc":{"start":{"line":94,"column":19},"end":{"line":94,"column":96}},"type":"cond-expr","locations":[{"start":{"line":94,"column":63},"end":{"line":94,"column":66}},{"start":{"line":94,"column":69},"end":{"line":94,"column":96}}],"line":94}},"s":{"0":1,"1":1,"2":1,"3":1,"4":1,"5":1,"6":1,"7":0,"8":0,"9":0,"10":0,"11":0,"12":0,"13":0,"14":0,"15":0,"16":0,"17":0,"18":0,"19":0,"20":1,"21":1,"22":6,"23":1,"24":0,"25":1,"26":1,"27":6,"28":0},"f":{"0":1,"1":1,"2":0,"3":0,"4":0,"5":1,"6":0,"7":1,"8":6,"9":0},"b":{"0":[0,0],"1":[0,0],"2":[0,0],"3":[6,6],"4":[1,0]},"_coverageSchema":"1a1c01bbd47fc00a2c39e90264f33305004495a9","hash":"46918e76a67891ecd2bba627e3383ac5ae8d6752"}
,"/Users/christinanathan/Desktop/RPP30/fec-atelier/client/src/components/Overview/Style-Selector/Price.jsx": {"path":"/Users/christinanathan/Desktop/RPP30/fec-atelier/client/src/components/Overview/Style-Selector/Price.jsx","statementMap":{"0":{"start":{"line":3,"column":14},"end":{"line":16,"column":1}},"1":{"start":{"line":4,"column":2},"end":{"line":15,"column":3}}},"fnMap":{"0":{"name":"(anonymous_0)","decl":{"start":{"line":3,"column":14},"end":{"line":3,"column":15}},"loc":{"start":{"line":3,"column":31},"end":{"line":16,"column":1}},"line":3}},"branchMap":{"0":{"loc":{"start":{"line":6,"column":7},"end":{"line":12,"column":14}},"type":"cond-expr","locations":[{"start":{"line":7,"column":10},"end":{"line":9,"column":14}},{"start":{"line":10,"column":10},"end":{"line":12,"column":14}}],"line":6}},"s":{"0":3,"1":1},"f":{"0":1},"b":{"0":[1,0]},"_coverageSchema":"1a1c01bbd47fc00a2c39e90264f33305004495a9","hash":"de85329a84643b83e74e5d5184fdbae259a424a9"}
,"/Users/christinanathan/Desktop/RPP30/fec-atelier/client/src/components/Overview/Style-Selector/StyleSelector.jsx": {"path":"/Users/christinanathan/Desktop/RPP30/fec-atelier/client/src/components/Overview/Style-Selector/StyleSelector.jsx","statementMap":{"0":{"start":{"line":9,"column":4},"end":{"line":9,"column":17}},"1":{"start":{"line":11,"column":4},"end":{"line":15,"column":6}},"2":{"start":{"line":18,"column":4},"end":{"line":18,"column":47}},"3":{"start":{"line":19,"column":4},"end":{"line":19,"column":61}},"4":{"start":{"line":23,"column":4},"end":{"line":23,"column":45}},"5":{"start":{"line":27,"column":4},"end":{"line":29,"column":5}},"6":{"start":{"line":28,"column":6},"end":{"line":28,"column":47}},"7":{"start":{"line":33,"column":18},"end":{"line":33,"column":22}},"8":{"start":{"line":34,"column":4},"end":{"line":48,"column":8}},"9":{"start":{"line":41,"column":8},"end":{"line":41,"column":50}},"10":{"start":{"line":42,"column":8},"end":{"line":42,"column":60}},"11":{"start":{"line":43,"column":8},"end":{"line":43,"column":59}},"12":{"start":{"line":44,"column":8},"end":{"line":44,"column":62}},"13":{"start":{"line":47,"column":8},"end":{"line":47,"column":60}},"14":{"start":{"line":52,"column":4},"end":{"line":52,"column":48}},"15":{"start":{"line":69,"column":4},"end":{"line":79,"column":5}}},"fnMap":{"0":{"name":"(anonymous_0)","decl":{"start":{"line":8,"column":2},"end":{"line":8,"column":3}},"loc":{"start":{"line":8,"column":21},"end":{"line":20,"column":3}},"line":8},"1":{"name":"(anonymous_1)","decl":{"start":{"line":22,"column":2},"end":{"line":22,"column":3}},"loc":{"start":{"line":22,"column":22},"end":{"line":24,"column":3}},"line":22},"2":{"name":"(anonymous_2)","decl":{"start":{"line":26,"column":2},"end":{"line":26,"column":3}},"loc":{"start":{"line":26,"column":32},"end":{"line":30,"column":3}},"line":26},"3":{"name":"(anonymous_3)","decl":{"start":{"line":32,"column":2},"end":{"line":32,"column":3}},"loc":{"start":{"line":32,"column":23},"end":{"line":49,"column":3}},"line":32},"4":{"name":"(anonymous_4)","decl":{"start":{"line":39,"column":12},"end":{"line":39,"column":13}},"loc":{"start":{"line":39,"column":30},"end":{"line":45,"column":7}},"line":39},"5":{"name":"(anonymous_5)","decl":{"start":{"line":46,"column":13},"end":{"line":46,"column":14}},"loc":{"start":{"line":46,"column":28},"end":{"line":48,"column":7}},"line":46},"6":{"name":"(anonymous_6)","decl":{"start":{"line":51,"column":2},"end":{"line":51,"column":3}},"loc":{"start":{"line":51,"column":30},"end":{"line":53,"column":3}},"line":51},"7":{"name":"(anonymous_7)","decl":{"start":{"line":65,"column":2},"end":{"line":65,"column":3}},"loc":{"start":{"line":65,"column":11},"end":{"line":80,"column":3}},"line":65}},"branchMap":{"0":{"loc":{"start":{"line":27,"column":4},"end":{"line":29,"column":5}},"type":"if","locations":[{"start":{"line":27,"column":4},"end":{"line":29,"column":5}},{"start":{"line":27,"column":4},"end":{"line":29,"column":5}}],"line":27}},"s":{"0":1,"1":1,"2":1,"3":1,"4":0,"5":0,"6":0,"7":0,"8":0,"9":0,"10":0,"11":0,"12":0,"13":0,"14":0,"15":1},"f":{"0":1,"1":0,"2":0,"3":0,"4":0,"5":0,"6":0,"7":1},"b":{"0":[0,0]},"_coverageSchema":"1a1c01bbd47fc00a2c39e90264f33305004495a9","hash":"78cb38b1906dd51d4fa8d41866fe7ac2031ecdbf"}
,"/Users/christinanathan/Desktop/RPP30/fec-atelier/client/src/components/Overview/Style-Selector/ThumbnailRow.jsx": {"path":"/Users/christinanathan/Desktop/RPP30/fec-atelier/client/src/components/Overview/Style-Selector/ThumbnailRow.jsx","statementMap":{"0":{"start":{"line":3,"column":21},"end":{"line":24,"column":1}},"1":{"start":{"line":8,"column":2},"end":{"line":23,"column":3}},"2":{"start":{"line":11,"column":8},"end":{"line":20,"column":15}},"3":{"start":{"line":16,"column":12},"end":{"line":16,"column":41}},"4":{"start":{"line":17,"column":12},"end":{"line":17,"column":49}}},"fnMap":{"0":{"name":"(anonymous_0)","decl":{"start":{"line":3,"column":21},"end":{"line":3,"column":22}},"loc":{"start":{"line":3,"column":38},"end":{"line":24,"column":1}},"line":3},"1":{"name":"(anonymous_1)","decl":{"start":{"line":10,"column":21},"end":{"line":10,"column":22}},"loc":{"start":{"line":10,"column":37},"end":{"line":21,"column":7}},"line":10},"2":{"name":"(anonymous_2)","decl":{"start":{"line":15,"column":19},"end":{"line":15,"column":20}},"loc":{"start":{"line":15,"column":25},"end":{"line":18,"column":11}},"line":15}},"branchMap":{},"s":{"0":4,"1":1,"2":4,"3":0,"4":0},"f":{"0":1,"1":4,"2":0},"b":{},"_coverageSchema":"1a1c01bbd47fc00a2c39e90264f33305004495a9","hash":"1dbcfa836fc270567668df8e1ff2c3d5c024c165"}
,"/Users/christinanathan/Desktop/RPP30/fec-atelier/client/src/components/Overview/Style-Selector/Thumbnails.jsx": {"path":"/Users/christinanathan/Desktop/RPP30/fec-atelier/client/src/components/Overview/Style-Selector/Thumbnails.jsx","statementMap":{"0":{"start":{"line":9,"column":19},"end":{"line":42,"column":1}},"1":{"start":{"line":10,"column":13},"end":{"line":10,"column":15}},"2":{"start":{"line":11,"column":24},"end":{"line":16,"column":3}},"3":{"start":{"line":12,"column":17},"end":{"line":12,"column":30}},"4":{"start":{"line":13,"column":4},"end":{"line":15,"column":5}},"5":{"start":{"line":14,"column":6},"end":{"line":14,"column":35}},"6":{"start":{"line":17,"column":2},"end":{"line":17,"column":30}},"7":{"start":{"line":20,"column":2},"end":{"line":33,"column":3}},"8":{"start":{"line":23,"column":8},"end":{"line":29,"column":9}}},"fnMap":{"0":{"name":"(anonymous_0)","decl":{"start":{"line":9,"column":19},"end":{"line":9,"column":20}},"loc":{"start":{"line":9,"column":36},"end":{"line":42,"column":1}},"line":9},"1":{"name":"(anonymous_1)","decl":{"start":{"line":11,"column":24},"end":{"line":11,"column":25}},"loc":{"start":{"line":11,"column":41},"end":{"line":16,"column":3}},"line":11},"2":{"name":"(anonymous_2)","decl":{"start":{"line":22,"column":16},"end":{"line":22,"column":17}},"loc":{"start":{"line":22,"column":38},"end":{"line":31,"column":7}},"line":22}},"branchMap":{},"s":{"0":3,"1":1,"2":1,"3":1,"4":1,"5":2,"6":1,"7":1,"8":2},"f":{"0":1,"1":1,"2":2},"b":{},"_coverageSchema":"1a1c01bbd47fc00a2c39e90264f33305004495a9","hash":"1cac069636cdea8a097efa7c2a262a3f48bb02a2"}
,"/Users/christinanathan/Desktop/RPP30/fec-atelier/tests/components/Overview/fixtures.js": {"path":"/Users/christinanathan/Desktop/RPP30/fec-atelier/tests/components/Overview/fixtures.js","statementMap":{"0":{"start":{"line":1,"column":0},"end":{"line":9,"column":1}}},"fnMap":{},"branchMap":{},"s":{"0":7},"f":{},"b":{},"_coverageSchema":"1a1c01bbd47fc00a2c39e90264f33305004495a9","hash":"baba425191ce5d93865feaf38973e4168032b6d8"}
}
