{"/Users/Jeremiah/Desktop/TractorReactor/fec-atelier/client/src/components/interactions.jsx": {"path":"/Users/Jeremiah/Desktop/TractorReactor/fec-atelier/client/src/components/interactions.jsx","statementMap":{"0":{"start":{"line":4,"column":25},"end":{"line":46,"column":1}},"1":{"start":{"line":7,"column":6},"end":{"line":7,"column":19}},"2":{"start":{"line":8,"column":6},"end":{"line":8,"column":53}},"3":{"start":{"line":16,"column":17},"end":{"line":16,"column":23}},"4":{"start":{"line":19,"column":17},"end":{"line":23,"column":7}},"5":{"start":{"line":25,"column":6},"end":{"line":35,"column":11}},"6":{"start":{"line":31,"column":10},"end":{"line":31,"column":48}},"7":{"start":{"line":34,"column":10},"end":{"line":34,"column":50}},"8":{"start":{"line":38,"column":6},"end":{"line":42,"column":7}},"9":{"start":{"line":45,"column":2},"end":{"line":45,"column":22}}},"fnMap":{"0":{"name":"(anonymous_0)","decl":{"start":{"line":4,"column":25},"end":{"line":4,"column":26}},"loc":{"start":{"line":4,"column":48},"end":{"line":46,"column":1}},"line":4},"1":{"name":"(anonymous_1)","decl":{"start":{"line":6,"column":4},"end":{"line":6,"column":5}},"loc":{"start":{"line":6,"column":23},"end":{"line":9,"column":5}},"line":6},"2":{"name":"(anonymous_2)","decl":{"start":{"line":11,"column":4},"end":{"line":11,"column":5}},"loc":{"start":{"line":11,"column":19},"end":{"line":36,"column":5}},"line":11},"3":{"name":"(anonymous_3)","decl":{"start":{"line":30,"column":14},"end":{"line":30,"column":15}},"loc":{"start":{"line":30,"column":24},"end":{"line":32,"column":9}},"line":30},"4":{"name":"(anonymous_4)","decl":{"start":{"line":33,"column":15},"end":{"line":33,"column":16}},"loc":{"start":{"line":33,"column":22},"end":{"line":35,"column":9}},"line":33},"5":{"name":"(anonymous_5)","decl":{"start":{"line":37,"column":4},"end":{"line":37,"column":5}},"loc":{"start":{"line":37,"column":13},"end":{"line":43,"column":5}},"line":37}},"branchMap":{},"s":{"0":1,"1":0,"2":0,"3":0,"4":0,"5":0,"6":0,"7":0,"8":0,"9":0},"f":{"0":0,"1":0,"2":0,"3":0,"4":0,"5":0},"b":{},"_coverageSchema":"1a1c01bbd47fc00a2c39e90264f33305004495a9","hash":"b1877465d9d74bf45d466326a37e9a6f3b947117"}
,"/Users/Jeremiah/Desktop/TractorReactor/fec-atelier/client/src/components/Related/Carousel/Carousel.jsx": {"path":"/Users/Jeremiah/Desktop/TractorReactor/fec-atelier/client/src/components/Related/Carousel/Carousel.jsx","statementMap":{"0":{"start":{"line":8,"column":4},"end":{"line":8,"column":16}},"1":{"start":{"line":9,"column":4},"end":{"line":12,"column":5}},"2":{"start":{"line":13,"column":4},"end":{"line":13,"column":45}},"3":{"start":{"line":14,"column":4},"end":{"line":14,"column":47}},"4":{"start":{"line":18,"column":4},"end":{"line":20,"column":5}},"5":{"start":{"line":19,"column":6},"end":{"line":19,"column":13}},"6":{"start":{"line":21,"column":4},"end":{"line":23,"column":6}},"7":{"start":{"line":27,"column":19},"end":{"line":27,"column":64}},"8":{"start":{"line":28,"column":4},"end":{"line":30,"column":5}},"9":{"start":{"line":29,"column":6},"end":{"line":29,"column":13}},"10":{"start":{"line":31,"column":4},"end":{"line":33,"column":6}},"11":{"start":{"line":44,"column":34},"end":{"line":44,"column":44}},"12":{"start":{"line":45,"column":4},"end":{"line":45,"column":94}},"13":{"start":{"line":47,"column":4},"end":{"line":81,"column":5}}},"fnMap":{"0":{"name":"(anonymous_0)","decl":{"start":{"line":7,"column":2},"end":{"line":7,"column":3}},"loc":{"start":{"line":7,"column":21},"end":{"line":15,"column":3}},"line":7},"1":{"name":"(anonymous_1)","decl":{"start":{"line":17,"column":2},"end":{"line":17,"column":3}},"loc":{"start":{"line":17,"column":13},"end":{"line":24,"column":3}},"line":17},"2":{"name":"(anonymous_2)","decl":{"start":{"line":26,"column":2},"end":{"line":26,"column":3}},"loc":{"start":{"line":26,"column":14},"end":{"line":34,"column":3}},"line":26},"3":{"name":"(anonymous_3)","decl":{"start":{"line":36,"column":2},"end":{"line":36,"column":3}},"loc":{"start":{"line":36,"column":11},"end":{"line":82,"column":3}},"line":36}},"branchMap":{"0":{"loc":{"start":{"line":18,"column":4},"end":{"line":20,"column":5}},"type":"if","locations":[{"start":{"line":18,"column":4},"end":{"line":20,"column":5}},{"start":{"line":18,"column":4},"end":{"line":20,"column":5}}],"line":18},"1":{"loc":{"start":{"line":28,"column":4},"end":{"line":30,"column":5}},"type":"if","locations":[{"start":{"line":28,"column":4},"end":{"line":30,"column":5}},{"start":{"line":28,"column":4},"end":{"line":30,"column":5}}],"line":28},"2":{"loc":{"start":{"line":45,"column":4},"end":{"line":45,"column":93}},"type":"cond-expr","locations":[{"start":{"line":45,"column":33},"end":{"line":45,"column":61}},{"start":{"line":45,"column":64},"end":{"line":45,"column":93}}],"line":45},"3":{"loc":{"start":{"line":57,"column":11},"end":{"line":71,"column":66}},"type":"cond-expr","locations":[{"start":{"line":58,"column":14},"end":{"line":65,"column":49}},{"start":{"line":66,"column":14},"end":{"line":71,"column":66}}],"line":57}},"s":{"0":1,"1":1,"2":1,"3":1,"4":0,"5":0,"6":0,"7":1,"8":1,"9":0,"10":1,"11":2,"12":2,"13":2},"f":{"0":1,"1":0,"2":1,"3":2},"b":{"0":[0,0],"1":[0,1],"2":[1,1],"3":[0,2]},"_coverageSchema":"1a1c01bbd47fc00a2c39e90264f33305004495a9","hash":"06a9a85533c7ad83b5c2195368ebb9228085da22"}
,"/Users/Jeremiah/Desktop/TractorReactor/fec-atelier/client/src/components/Related/Modal-Popup/Modal-Popup.jsx": {"path":"/Users/Jeremiah/Desktop/TractorReactor/fec-atelier/client/src/components/Related/Modal-Popup/Modal-Popup.jsx","statementMap":{"0":{"start":{"line":8,"column":22},"end":{"line":8,"column":43}},"1":{"start":{"line":9,"column":54},"end":{"line":9,"column":66}},"2":{"start":{"line":10,"column":46},"end":{"line":10,"column":58}},"3":{"start":{"line":11,"column":28},"end":{"line":21,"column":3}},"4":{"start":{"line":12,"column":4},"end":{"line":20,"column":41}},"5":{"start":{"line":15,"column":8},"end":{"line":15,"column":55}},"6":{"start":{"line":16,"column":8},"end":{"line":18,"column":9}},"7":{"start":{"line":17,"column":10},"end":{"line":17,"column":42}},"8":{"start":{"line":20,"column":22},"end":{"line":20,"column":38}},"9":{"start":{"line":22,"column":2},"end":{"line":24,"column":8}},"10":{"start":{"line":23,"column":4},"end":{"line":23,"column":24}},"11":{"start":{"line":26,"column":2},"end":{"line":28,"column":3}},"12":{"start":{"line":27,"column":4},"end":{"line":27,"column":36}},"13":{"start":{"line":31,"column":24},"end":{"line":56,"column":8}},"14":{"start":{"line":32,"column":4},"end":{"line":55,"column":5}},"15":{"start":{"line":33,"column":25},"end":{"line":33,"column":64}},"16":{"start":{"line":34,"column":22},"end":{"line":34,"column":52}},"17":{"start":{"line":35,"column":6},"end":{"line":35,"column":43}},"18":{"start":{"line":36,"column":6},"end":{"line":36,"column":60}},"19":{"start":{"line":37,"column":6},"end":{"line":37,"column":54}},"20":{"start":{"line":38,"column":6},"end":{"line":42,"column":7}},"21":{"start":{"line":43,"column":11},"end":{"line":55,"column":5}},"22":{"start":{"line":44,"column":6},"end":{"line":48,"column":7}},"23":{"start":{"line":50,"column":6},"end":{"line":54,"column":7}},"24":{"start":{"line":58,"column":2},"end":{"line":70,"column":3}}},"fnMap":{"0":{"name":"ModalPopup","decl":{"start":{"line":6,"column":24},"end":{"line":6,"column":34}},"loc":{"start":{"line":6,"column":86},"end":{"line":71,"column":1}},"line":6},"1":{"name":"(anonymous_1)","decl":{"start":{"line":11,"column":28},"end":{"line":11,"column":29}},"loc":{"start":{"line":11,"column":34},"end":{"line":21,"column":3}},"line":11},"2":{"name":"(anonymous_2)","decl":{"start":{"line":13,"column":12},"end":{"line":13,"column":13}},"loc":{"start":{"line":13,"column":23},"end":{"line":19,"column":7}},"line":13},"3":{"name":"(anonymous_3)","decl":{"start":{"line":20,"column":13},"end":{"line":20,"column":14}},"loc":{"start":{"line":20,"column":20},"end":{"line":20,"column":40}},"line":20},"4":{"name":"(anonymous_4)","decl":{"start":{"line":22,"column":12},"end":{"line":22,"column":13}},"loc":{"start":{"line":22,"column":18},"end":{"line":24,"column":3}},"line":22},"5":{"name":"(anonymous_5)","decl":{"start":{"line":31,"column":53},"end":{"line":31,"column":54}},"loc":{"start":{"line":31,"column":73},"end":{"line":56,"column":3}},"line":31}},"branchMap":{"0":{"loc":{"start":{"line":32,"column":4},"end":{"line":55,"column":5}},"type":"if","locations":[{"start":{"line":32,"column":4},"end":{"line":55,"column":5}},{"start":{"line":32,"column":4},"end":{"line":55,"column":5}}],"line":32},"1":{"loc":{"start":{"line":32,"column":8},"end":{"line":32,"column":59}},"type":"binary-expr","locations":[{"start":{"line":32,"column":8},"end":{"line":32,"column":27}},{"start":{"line":32,"column":31},"end":{"line":32,"column":59}}],"line":32},"2":{"loc":{"start":{"line":33,"column":25},"end":{"line":33,"column":64}},"type":"binary-expr","locations":[{"start":{"line":33,"column":25},"end":{"line":33,"column":59}},{"start":{"line":33,"column":63},"end":{"line":33,"column":64}}],"line":33},"3":{"loc":{"start":{"line":34,"column":22},"end":{"line":34,"column":52}},"type":"binary-expr","locations":[{"start":{"line":34,"column":22},"end":{"line":34,"column":47}},{"start":{"line":34,"column":51},"end":{"line":34,"column":52}}],"line":34},"4":{"loc":{"start":{"line":43,"column":11},"end":{"line":55,"column":5}},"type":"if","locations":[{"start":{"line":43,"column":11},"end":{"line":55,"column":5}},{"start":{"line":43,"column":11},"end":{"line":55,"column":5}}],"line":43}},"s":{"0":1,"1":1,"2":1,"3":1,"4":0,"5":0,"6":0,"7":0,"8":0,"9":1,"10":0,"11":1,"12":4,"13":1,"14":4,"15":0,"16":0,"17":0,"18":0,"19":0,"20":0,"21":4,"22":0,"23":4,"24":1},"f":{"0":1,"1":0,"2":0,"3":0,"4":0,"5":4},"b":{"0":[0,4],"1":[4,0],"2":[0,0],"3":[0,0],"4":[0,4]},"_coverageSchema":"1a1c01bbd47fc00a2c39e90264f33305004495a9","hash":"7940103c6724ca2c769c73c639e9ffc9e30dfadd"}
,"/Users/Jeremiah/Desktop/TractorReactor/fec-atelier/client/src/components/Related/Outfit-Carousel/Outfit-Carousel.jsx": {"path":"/Users/Jeremiah/Desktop/TractorReactor/fec-atelier/client/src/components/Related/Outfit-Carousel/Outfit-Carousel.jsx","statementMap":{"0":{"start":{"line":8,"column":4},"end":{"line":8,"column":16}},"1":{"start":{"line":9,"column":4},"end":{"line":14,"column":5}},"2":{"start":{"line":15,"column":4},"end":{"line":15,"column":44}},"3":{"start":{"line":16,"column":4},"end":{"line":16,"column":57}},"4":{"start":{"line":17,"column":4},"end":{"line":17,"column":53}},"5":{"start":{"line":21,"column":4},"end":{"line":21,"column":23}},"6":{"start":{"line":25,"column":4},"end":{"line":33,"column":5}},"7":{"start":{"line":26,"column":6},"end":{"line":32,"column":44}},"8":{"start":{"line":28,"column":10},"end":{"line":30,"column":12}},"9":{"start":{"line":32,"column":24},"end":{"line":32,"column":40}},"10":{"start":{"line":34,"column":4},"end":{"line":37,"column":5}},"11":{"start":{"line":35,"column":6},"end":{"line":35,"column":28}},"12":{"start":{"line":36,"column":6},"end":{"line":36,"column":43}},"13":{"start":{"line":41,"column":25},"end":{"line":41,"column":27}},"14":{"start":{"line":42,"column":4},"end":{"line":61,"column":5}},"15":{"start":{"line":43,"column":6},"end":{"line":60,"column":7}},"16":{"start":{"line":44,"column":8},"end":{"line":46,"column":9}},"17":{"start":{"line":45,"column":10},"end":{"line":45,"column":19}},"18":{"start":{"line":47,"column":28},"end":{"line":47,"column":58}},"19":{"start":{"line":48,"column":25},"end":{"line":48,"column":50}},"20":{"start":{"line":49,"column":24},"end":{"line":49,"column":37}},"21":{"start":{"line":50,"column":26},"end":{"line":50,"column":39}},"22":{"start":{"line":52,"column":8},"end":{"line":59,"column":34}},"23":{"start":{"line":62,"column":4},"end":{"line":64,"column":6}},"24":{"start":{"line":68,"column":21},"end":{"line":68,"column":83}},"25":{"start":{"line":69,"column":4},"end":{"line":69,"column":69}},"26":{"start":{"line":70,"column":4},"end":{"line":70,"column":23}},"27":{"start":{"line":74,"column":4},"end":{"line":74,"column":37}},"28":{"start":{"line":75,"column":4},"end":{"line":75,"column":34}},"29":{"start":{"line":76,"column":4},"end":{"line":76,"column":23}},"30":{"start":{"line":80,"column":39},"end":{"line":80,"column":49}},"31":{"start":{"line":82,"column":4},"end":{"line":90,"column":5}}},"fnMap":{"0":{"name":"(anonymous_0)","decl":{"start":{"line":7,"column":2},"end":{"line":7,"column":3}},"loc":{"start":{"line":7,"column":21},"end":{"line":18,"column":3}},"line":7},"1":{"name":"(anonymous_1)","decl":{"start":{"line":20,"column":2},"end":{"line":20,"column":3}},"loc":{"start":{"line":20,"column":22},"end":{"line":22,"column":3}},"line":20},"2":{"name":"(anonymous_2)","decl":{"start":{"line":24,"column":2},"end":{"line":24,"column":3}},"loc":{"start":{"line":24,"column":23},"end":{"line":38,"column":3}},"line":24},"3":{"name":"(anonymous_3)","decl":{"start":{"line":27,"column":14},"end":{"line":27,"column":15}},"loc":{"start":{"line":27,"column":27},"end":{"line":31,"column":9}},"line":27},"4":{"name":"(anonymous_4)","decl":{"start":{"line":32,"column":15},"end":{"line":32,"column":16}},"loc":{"start":{"line":32,"column":22},"end":{"line":32,"column":42}},"line":32},"5":{"name":"(anonymous_5)","decl":{"start":{"line":40,"column":2},"end":{"line":40,"column":3}},"loc":{"start":{"line":40,"column":16},"end":{"line":65,"column":3}},"line":40},"6":{"name":"(anonymous_6)","decl":{"start":{"line":67,"column":2},"end":{"line":67,"column":3}},"loc":{"start":{"line":67,"column":19},"end":{"line":71,"column":3}},"line":67},"7":{"name":"(anonymous_7)","decl":{"start":{"line":73,"column":2},"end":{"line":73,"column":3}},"loc":{"start":{"line":73,"column":20},"end":{"line":77,"column":3}},"line":73},"8":{"name":"(anonymous_8)","decl":{"start":{"line":79,"column":2},"end":{"line":79,"column":3}},"loc":{"start":{"line":79,"column":11},"end":{"line":91,"column":3}},"line":79}},"branchMap":{"0":{"loc":{"start":{"line":25,"column":4},"end":{"line":33,"column":5}},"type":"if","locations":[{"start":{"line":25,"column":4},"end":{"line":33,"column":5}},{"start":{"line":25,"column":4},"end":{"line":33,"column":5}}],"line":25},"1":{"loc":{"start":{"line":25,"column":8},"end":{"line":25,"column":58}},"type":"binary-expr","locations":[{"start":{"line":25,"column":8},"end":{"line":25,"column":33}},{"start":{"line":25,"column":37},"end":{"line":25,"column":58}}],"line":25},"2":{"loc":{"start":{"line":34,"column":4},"end":{"line":37,"column":5}},"type":"if","locations":[{"start":{"line":34,"column":4},"end":{"line":37,"column":5}},{"start":{"line":34,"column":4},"end":{"line":37,"column":5}}],"line":34},"3":{"loc":{"start":{"line":42,"column":4},"end":{"line":61,"column":5}},"type":"if","locations":[{"start":{"line":42,"column":4},"end":{"line":61,"column":5}},{"start":{"line":42,"column":4},"end":{"line":61,"column":5}}],"line":42},"4":{"loc":{"start":{"line":42,"column":8},"end":{"line":42,"column":53}},"type":"binary-expr","locations":[{"start":{"line":42,"column":8},"end":{"line":42,"column":25}},{"start":{"line":42,"column":29},"end":{"line":42,"column":53}}],"line":42},"5":{"loc":{"start":{"line":44,"column":8},"end":{"line":46,"column":9}},"type":"if","locations":[{"start":{"line":44,"column":8},"end":{"line":46,"column":9}},{"start":{"line":44,"column":8},"end":{"line":46,"column":9}}],"line":44}},"s":{"0":0,"1":0,"2":0,"3":0,"4":0,"5":0,"6":0,"7":0,"8":0,"9":0,"10":0,"11":0,"12":0,"13":0,"14":0,"15":0,"16":0,"17":0,"18":0,"19":0,"20":0,"21":0,"22":0,"23":0,"24":0,"25":0,"26":0,"27":0,"28":0,"29":0,"30":0,"31":0},"f":{"0":0,"1":0,"2":0,"3":0,"4":0,"5":0,"6":0,"7":0,"8":0},"b":{"0":[0,0],"1":[0,0],"2":[0,0],"3":[0,0],"4":[0,0],"5":[0,0]},"_coverageSchema":"1a1c01bbd47fc00a2c39e90264f33305004495a9","hash":"f0d404b4f0b8f5fb741fff75c067c5114b1e6400"}
,"/Users/Jeremiah/Desktop/TractorReactor/fec-atelier/client/src/components/Related/Related-Carousel/Related-Carousel.jsx": {"path":"/Users/Jeremiah/Desktop/TractorReactor/fec-atelier/client/src/components/Related/Related-Carousel/Related-Carousel.jsx","statementMap":{"0":{"start":{"line":13,"column":32},"end":{"line":13,"column":47}},"1":{"start":{"line":14,"column":42},"end":{"line":14,"column":54}},"2":{"start":{"line":16,"column":21},"end":{"line":21,"column":3}},"3":{"start":{"line":18,"column":4},"end":{"line":18,"column":21}},"4":{"start":{"line":23,"column":21},"end":{"line":29,"column":3}},"5":{"start":{"line":24,"column":4},"end":{"line":24,"column":30}},"6":{"start":{"line":25,"column":4},"end":{"line":25,"column":34}},"7":{"start":{"line":26,"column":4},"end":{"line":26,"column":21}},"8":{"start":{"line":27,"column":18},"end":{"line":27,"column":48}},"9":{"start":{"line":28,"column":4},"end":{"line":28,"column":50}},"10":{"start":{"line":31,"column":2},"end":{"line":49,"column":3}},"11":{"start":{"line":35,"column":10},"end":{"line":41,"column":64}}},"fnMap":{"0":{"name":"RelatedCarousel","decl":{"start":{"line":6,"column":24},"end":{"line":6,"column":39}},"loc":{"start":{"line":12,"column":19},"end":{"line":50,"column":1}},"line":12},"1":{"name":"(anonymous_1)","decl":{"start":{"line":16,"column":21},"end":{"line":16,"column":22}},"loc":{"start":{"line":16,"column":27},"end":{"line":21,"column":3}},"line":16},"2":{"name":"(anonymous_2)","decl":{"start":{"line":23,"column":21},"end":{"line":23,"column":22}},"loc":{"start":{"line":23,"column":39},"end":{"line":29,"column":3}},"line":23},"3":{"name":"(anonymous_3)","decl":{"start":{"line":34,"column":26},"end":{"line":34,"column":27}},"loc":{"start":{"line":34,"column":44},"end":{"line":42,"column":9}},"line":34}},"branchMap":{"0":{"loc":{"start":{"line":44,"column":7},"end":{"line":47,"column":36}},"type":"binary-expr","locations":[{"start":{"line":44,"column":7},"end":{"line":44,"column":14}},{"start":{"line":44,"column":18},"end":{"line":47,"column":36}}],"line":44}},"s":{"0":1,"1":1,"2":1,"3":0,"4":1,"5":0,"6":0,"7":0,"8":0,"9":0,"10":1,"11":4},"f":{"0":1,"1":0,"2":0,"3":4},"b":{"0":[1,0]},"_coverageSchema":"1a1c01bbd47fc00a2c39e90264f33305004495a9","hash":"0324c9bf5eab56b872ad0fb86b28f688b19d1188"}
,"/Users/Jeremiah/Desktop/TractorReactor/fec-atelier/client/src/components/Related/Related-Product/Related-Product.jsx": {"path":"/Users/Jeremiah/Desktop/TractorReactor/fec-atelier/client/src/components/Related/Related-Product/Related-Product.jsx","statementMap":{"0":{"start":{"line":7,"column":38},"end":{"line":7,"column":53}},"1":{"start":{"line":17,"column":6},"end":{"line":17,"column":11}},"2":{"start":{"line":20,"column":18},"end":{"line":20,"column":22}},"3":{"start":{"line":21,"column":2},"end":{"line":32,"column":3}},"4":{"start":{"line":22,"column":4},"end":{"line":22,"column":63}},"5":{"start":{"line":23,"column":4},"end":{"line":23,"column":56}},"6":{"start":{"line":24,"column":4},"end":{"line":30,"column":5}},"7":{"start":{"line":24,"column":17},"end":{"line":24,"column":18}},"8":{"start":{"line":25,"column":6},"end":{"line":29,"column":7}},"9":{"start":{"line":26,"column":8},"end":{"line":26,"column":67}},"10":{"start":{"line":27,"column":8},"end":{"line":27,"column":60}},"11":{"start":{"line":28,"column":8},"end":{"line":28,"column":52}},"12":{"start":{"line":34,"column":27},"end":{"line":36,"column":3}},"13":{"start":{"line":35,"column":4},"end":{"line":35,"column":32}},"14":{"start":{"line":43,"column":2},"end":{"line":67,"column":3}},"15":{"start":{"line":46,"column":67},"end":{"line":46,"column":100}},"16":{"start":{"line":50,"column":29},"end":{"line":50,"column":48}}},"fnMap":{"0":{"name":"RelatedProduct","decl":{"start":{"line":6,"column":9},"end":{"line":6,"column":23}},"loc":{"start":{"line":6,"column":31},"end":{"line":68,"column":1}},"line":6},"1":{"name":"(anonymous_1)","decl":{"start":{"line":34,"column":27},"end":{"line":34,"column":28}},"loc":{"start":{"line":34,"column":33},"end":{"line":36,"column":3}},"line":34},"2":{"name":"(anonymous_2)","decl":{"start":{"line":46,"column":59},"end":{"line":46,"column":60}},"loc":{"start":{"line":46,"column":65},"end":{"line":46,"column":102}},"line":46},"3":{"name":"(anonymous_3)","decl":{"start":{"line":50,"column":24},"end":{"line":50,"column":25}},"loc":{"start":{"line":50,"column":29},"end":{"line":50,"column":48}},"line":50}},"branchMap":{"0":{"loc":{"start":{"line":21,"column":2},"end":{"line":32,"column":3}},"type":"if","locations":[{"start":{"line":21,"column":2},"end":{"line":32,"column":3}},{"start":{"line":21,"column":2},"end":{"line":32,"column":3}}],"line":21},"1":{"loc":{"start":{"line":25,"column":6},"end":{"line":29,"column":7}},"type":"if","locations":[{"start":{"line":25,"column":6},"end":{"line":29,"column":7}},{"start":{"line":25,"column":6},"end":{"line":29,"column":7}}],"line":25},"2":{"loc":{"start":{"line":44,"column":38},"end":{"line":44,"column":72}},"type":"cond-expr","locations":[{"start":{"line":44,"column":49},"end":{"line":44,"column":65}},{"start":{"line":44,"column":68},"end":{"line":44,"column":72}}],"line":44},"3":{"loc":{"start":{"line":48,"column":11},"end":{"line":50,"column":87}},"type":"cond-expr","locations":[{"start":{"line":49,"column":12},"end":{"line":49,"column":87}},{"start":{"line":50,"column":12},"end":{"line":50,"column":87}}],"line":48},"4":{"loc":{"start":{"line":56,"column":9},"end":{"line":62,"column":38}},"type":"cond-expr","locations":[{"start":{"line":57,"column":10},"end":{"line":60,"column":16}},{"start":{"line":62,"column":10},"end":{"line":62,"column":38}}],"line":56}},"s":{"0":0,"1":0,"2":0,"3":0,"4":0,"5":0,"6":0,"7":0,"8":0,"9":0,"10":0,"11":0,"12":0,"13":0,"14":0,"15":0,"16":0},"f":{"0":0,"1":0,"2":0,"3":0},"b":{"0":[0,0],"1":[0,0],"2":[0,0],"3":[0,0],"4":[0,0]},"_coverageSchema":"1a1c01bbd47fc00a2c39e90264f33305004495a9","hash":"d9af43c3b0c7beeead419e3423ccfd4a427d697f"}
,"/Users/Jeremiah/Desktop/TractorReactor/fec-atelier/client/src/components/Related/Related-Products/Related-Products.jsx": {"path":"/Users/Jeremiah/Desktop/TractorReactor/fec-atelier/client/src/components/Related/Related-Products/Related-Products.jsx","statementMap":{"0":{"start":{"line":9,"column":4},"end":{"line":9,"column":16}},"1":{"start":{"line":20,"column":29},"end":{"line":20,"column":39}},"2":{"start":{"line":22,"column":4},"end":{"line":39,"column":5}}},"fnMap":{"0":{"name":"(anonymous_0)","decl":{"start":{"line":8,"column":2},"end":{"line":8,"column":3}},"loc":{"start":{"line":8,"column":21},"end":{"line":10,"column":3}},"line":8},"1":{"name":"(anonymous_1)","decl":{"start":{"line":12,"column":2},"end":{"line":12,"column":3}},"loc":{"start":{"line":12,"column":11},"end":{"line":40,"column":3}},"line":12}},"branchMap":{},"s":{"0":1,"1":1,"2":1},"f":{"0":1,"1":1},"b":{},"_coverageSchema":"1a1c01bbd47fc00a2c39e90264f33305004495a9","hash":"e2098861580d2579ed9e05d9b4f41213cd057e1a"}
}
